  [1m[35m (57.0ms)[0m  [1m[35mCREATE DATABASE "_development" ENCODING = 'unicode'[0m
  [1m[35m (9.6ms)[0m  [1m[35mCREATE DATABASE "_test" ENCODING = 'unicode'[0m
  [1m[35m (160.0ms)[0m  [1m[35mCREATE DATABASE "nudge-big-green_development" ENCODING = 'unicode'[0m
  [1m[35m (58.9ms)[0m  [1m[35mCREATE DATABASE "nudge-big-green_test" ENCODING = 'unicode'[0m
  [1m[35m (6.8ms)[0m  [1m[35mCREATE TABLE "schema_migrations" ("version" character varying NOT NULL PRIMARY KEY)[0m
  [1m[35m (2.4ms)[0m  [1m[35mCREATE TABLE "ar_internal_metadata" ("key" character varying NOT NULL PRIMARY KEY, "value" character varying, "created_at" timestamp(6) NOT NULL, "updated_at" timestamp(6) NOT NULL)[0m
  [1m[35m (0.1ms)[0m  [1m[34mSELECT pg_try_advisory_lock(725783396915795715)[0m
  [1m[36mActiveRecord::SchemaMigration Load (1.0ms)[0m  [1m[34mSELECT "schema_migrations"."version" FROM "schema_migrations" ORDER BY "schema_migrations"."version" ASC[0m
  [1m[36mActiveRecord::InternalMetadata Load (1.9ms)[0m  [1m[34mSELECT * FROM "ar_internal_metadata" WHERE "ar_internal_metadata"."key" = $1 ORDER BY "ar_internal_metadata"."key" ASC LIMIT 1[0m  [[nil, "environment"]]
  [1m[36mActiveRecord::InternalMetadata Create (0.9ms)[0m  [1m[32mINSERT INTO "ar_internal_metadata" ("key", "value", "created_at", "updated_at") VALUES ('environment', 'development', '2024-09-12 19:37:06.250816', '2024-09-12 19:37:06.250818') RETURNING "key"[0m
Migrating to DeviseCreateUsers (20240912183616)
  [1m[36mTRANSACTION (0.2ms)[0m  [1m[35mBEGIN[0m
  [1m[35m (3.4ms)[0m  [1m[35mCREATE TABLE "users" ("id" bigserial primary key, "email" character varying DEFAULT '' NOT NULL, "encrypted_password" character varying DEFAULT '' NOT NULL, "reset_password_token" character varying, "reset_password_sent_at" timestamp(6), "remember_created_at" timestamp(6), "created_at" timestamp(6) NOT NULL, "updated_at" timestamp(6) NOT NULL)[0m
  [1m[35m (1.4ms)[0m  [1m[35mCREATE UNIQUE INDEX "index_users_on_email" ON "users" ("email")[0m
  [1m[35m (0.7ms)[0m  [1m[35mCREATE UNIQUE INDEX "index_users_on_reset_password_token" ON "users" ("reset_password_token")[0m
  [1m[36mActiveRecord::SchemaMigration Create (0.6ms)[0m  [1m[32mINSERT INTO "schema_migrations" ("version") VALUES ('20240912183616') RETURNING "version"[0m
  [1m[36mTRANSACTION (0.7ms)[0m  [1m[35mCOMMIT[0m
  [1m[35m (0.6ms)[0m  [1m[34mSELECT pg_advisory_unlock(725783396915795715)[0m
  [1m[36mActiveRecord::SchemaMigration Load (0.4ms)[0m  [1m[34mSELECT "schema_migrations"."version" FROM "schema_migrations" ORDER BY "schema_migrations"."version" ASC[0m
  [1m[35m (0.2ms)[0m  [1m[34mSELECT pg_try_advisory_lock(725783396915795715)[0m
  [1m[36mActiveRecord::SchemaMigration Load (0.6ms)[0m  [1m[34mSELECT "schema_migrations"."version" FROM "schema_migrations" ORDER BY "schema_migrations"."version" ASC[0m
  [1m[36mActiveRecord::InternalMetadata Load (1.6ms)[0m  [1m[34mSELECT * FROM "ar_internal_metadata" WHERE "ar_internal_metadata"."key" = $1 ORDER BY "ar_internal_metadata"."key" ASC LIMIT 1[0m  [[nil, "environment"]]
Migrating to DeviseCreateAdminUsers (20240912203605)
  [1m[36mTRANSACTION (0.1ms)[0m  [1m[35mBEGIN[0m
  [1m[35m (6.2ms)[0m  [1m[35mCREATE TABLE "admin_users" ("id" bigserial primary key, "email" character varying DEFAULT '' NOT NULL, "encrypted_password" character varying DEFAULT '' NOT NULL, "reset_password_token" character varying, "reset_password_sent_at" timestamp(6), "remember_created_at" timestamp(6), "created_at" timestamp(6) NOT NULL, "updated_at" timestamp(6) NOT NULL)[0m
  [1m[35m (11.2ms)[0m  [1m[35mCREATE UNIQUE INDEX "index_admin_users_on_email" ON "admin_users" ("email")[0m
  [1m[35m (0.9ms)[0m  [1m[35mCREATE UNIQUE INDEX "index_admin_users_on_reset_password_token" ON "admin_users" ("reset_password_token")[0m
  [1m[36mActiveRecord::SchemaMigration Create (0.4ms)[0m  [1m[32mINSERT INTO "schema_migrations" ("version") VALUES ('20240912203605') RETURNING "version"[0m
  [1m[36mTRANSACTION (0.8ms)[0m  [1m[35mCOMMIT[0m
Migrating to CreateActiveAdminComments (20240912203606)
  [1m[36mTRANSACTION (0.6ms)[0m  [1m[35mBEGIN[0m
  [1m[35m (7.1ms)[0m  [1m[35mCREATE TABLE "active_admin_comments" ("id" bigserial primary key, "namespace" character varying, "body" text, "resource_type" character varying, "resource_id" bigint, "author_type" character varying, "author_id" bigint, "created_at" timestamp(6) NOT NULL, "updated_at" timestamp(6) NOT NULL)[0m
  [1m[35m (0.8ms)[0m  [1m[35mCREATE INDEX "index_active_admin_comments_on_resource" ON "active_admin_comments" ("resource_type", "resource_id")[0m
  [1m[35m (0.6ms)[0m  [1m[35mCREATE INDEX "index_active_admin_comments_on_author" ON "active_admin_comments" ("author_type", "author_id")[0m
  [1m[35m (2.4ms)[0m  [1m[35mCREATE INDEX "index_active_admin_comments_on_namespace" ON "active_admin_comments" ("namespace")[0m
  [1m[36mActiveRecord::SchemaMigration Create (0.4ms)[0m  [1m[32mINSERT INTO "schema_migrations" ("version") VALUES ('20240912203606') RETURNING "version"[0m
  [1m[36mTRANSACTION (0.3ms)[0m  [1m[35mCOMMIT[0m
  [1m[35m (0.3ms)[0m  [1m[34mSELECT pg_advisory_unlock(725783396915795715)[0m
  [1m[36mActiveRecord::SchemaMigration Load (0.3ms)[0m  [1m[34mSELECT "schema_migrations"."version" FROM "schema_migrations" ORDER BY "schema_migrations"."version" ASC[0m
  [1m[36mActiveRecord::SchemaMigration Load (0.8ms)[0m  [1m[34mSELECT "schema_migrations"."version" FROM "schema_migrations" ORDER BY "schema_migrations"."version" ASC[0m
  [1m[36mTRANSACTION (0.2ms)[0m  [1m[35mBEGIN[0m
  [1m[36mAdminUser Exists? (2.2ms)[0m  [1m[34mSELECT 1 AS one FROM "admin_users" WHERE "admin_users"."email" = $1 LIMIT $2[0m  [["email", "[FILTERED]"], ["LIMIT", 1]]
  [1m[36mAdminUser Create (1.5ms)[0m  [1m[32mINSERT INTO "admin_users" ("email", "encrypted_password", "reset_password_token", "reset_password_sent_at", "remember_created_at", "created_at", "updated_at") VALUES ($1, $2, $3, $4, $5, $6, $7) RETURNING "id"[0m  [["email", "[FILTERED]"], ["encrypted_password", "[FILTERED]"], ["reset_password_token", "[FILTERED]"], ["reset_password_sent_at", "[FILTERED]"], ["remember_created_at", nil], ["created_at", "2024-09-12 20:36:32.460536"], ["updated_at", "2024-09-12 20:36:32.460536"]]
  [1m[36mTRANSACTION (0.5ms)[0m  [1m[35mCOMMIT[0m
Started GET "/" for ::1 at 2024-09-12 14:37:19 -0600
  [1m[36mActiveRecord::SchemaMigration Load (0.9ms)[0m  [1m[34mSELECT "schema_migrations"."version" FROM "schema_migrations" ORDER BY "schema_migrations"."version" ASC[0m
  
ActionController::RoutingError (uninitialized constant DashboardController):

Causes:
ActionDispatch::MissingController (uninitialized constant DashboardController)
NameError (uninitialized constant DashboardController)
  
Started GET "/favicon.ico" for ::1 at 2024-09-12 14:37:19 -0600
  
ActionController::RoutingError (No route matches [GET] "/favicon.ico"):
  
Started GET "/" for ::1 at 2024-09-12 14:37:49 -0600
Processing by DashboardController#index as HTML
Completed 401 Unauthorized in 17ms (ActiveRecord: 0.0ms (0 queries, 0 cached) | GC: 0.3ms)


Started GET "/users/sign_in" for ::1 at 2024-09-12 14:37:49 -0600
Processing by Devise::SessionsController#new as HTML
  Rendering layout layouts/application.html.erb
  Rendering /Users/heber/.rvm/gems/ruby-3.3.1/gems/devise-4.9.4/app/views/devise/sessions/new.html.erb within layouts/application
  Rendered /Users/heber/.rvm/gems/ruby-3.3.1/gems/devise-4.9.4/app/views/devise/shared/_links.html.erb (Duration: 0.5ms | GC: 0.2ms)
  Rendered /Users/heber/.rvm/gems/ruby-3.3.1/gems/devise-4.9.4/app/views/devise/sessions/new.html.erb within layouts/application (Duration: 5.6ms | GC: 1.0ms)
  Rendered layout layouts/application.html.erb (Duration: 16.4ms | GC: 4.4ms)
Completed 500 Internal Server Error in 45ms (ActiveRecord: 10.8ms (0 queries, 0 cached) | GC: 5.0ms)


  
LoadError (cannot load such file -- sassc):
  
app/views/layouts/application.html.erb:16
Started GET "/users/sign_in" for ::1 at 2024-09-12 14:38:28 -0600
  [1m[36mActiveRecord::SchemaMigration Load (1.0ms)[0m  [1m[34mSELECT "schema_migrations"."version" FROM "schema_migrations" ORDER BY "schema_migrations"."version" ASC[0m
Processing by Devise::SessionsController#new as HTML
  Rendering layout layouts/application.html.erb
  Rendering /Users/heber/.rvm/gems/ruby-3.3.1/gems/devise-4.9.4/app/views/devise/sessions/new.html.erb within layouts/application
  Rendered /Users/heber/.rvm/gems/ruby-3.3.1/gems/devise-4.9.4/app/views/devise/shared/_links.html.erb (Duration: 1.7ms | GC: 1.1ms)
  Rendered /Users/heber/.rvm/gems/ruby-3.3.1/gems/devise-4.9.4/app/views/devise/sessions/new.html.erb within layouts/application (Duration: 12.7ms | GC: 7.6ms)
  Rendered layout layouts/application.html.erb (Duration: 394.7ms | GC: 106.2ms)
Completed 200 OK in 442ms (Views: 403.4ms | ActiveRecord: 15.3ms (0 queries, 0 cached) | GC: 112.0ms)


Started GET "/manifest.json" for ::1 at 2024-09-12 14:38:30 -0600
Processing by Rails::PwaController#manifest as JSON
  Rendering pwa/manifest.json.erb
  Rendered pwa/manifest.json.erb (Duration: 0.3ms | GC: 0.0ms)
Completed 200 OK in 2ms (Views: 1.4ms | ActiveRecord: 0.0ms (0 queries, 0 cached) | GC: 0.0ms)


Started GET "/admin/login" for ::1 at 2024-09-12 14:38:40 -0600
Processing by ActiveAdmin::Devise::SessionsController#new as HTML
  Rendering layout /Users/heber/.rvm/gems/ruby-3.3.1/gems/activeadmin-3.2.5/app/views/layouts/active_admin_logged_out.html.erb
  Rendering /Users/heber/.rvm/gems/ruby-3.3.1/gems/activeadmin-3.2.5/app/views/active_admin/devise/sessions/new.html.erb within layouts/active_admin_logged_out
  Rendered /Users/heber/.rvm/gems/ruby-3.3.1/gems/activeadmin-3.2.5/app/views/active_admin/devise/shared/_links.erb (Duration: 2.9ms | GC: 1.1ms)
  Rendered /Users/heber/.rvm/gems/ruby-3.3.1/gems/activeadmin-3.2.5/app/views/active_admin/devise/sessions/new.html.erb within layouts/active_admin_logged_out (Duration: 25.8ms | GC: 1.2ms)
  Rendered layout /Users/heber/.rvm/gems/ruby-3.3.1/gems/activeadmin-3.2.5/app/views/layouts/active_admin_logged_out.html.erb (Duration: 35.9ms | GC: 1.2ms)
Completed 200 OK in 46ms (Views: 38.3ms | ActiveRecord: 2.7ms (0 queries, 0 cached) | GC: 1.3ms)


Started POST "/admin/login" for ::1 at 2024-09-12 14:38:51 -0600
Processing by ActiveAdmin::Devise::SessionsController#create as HTML
  Parameters: {"authenticity_token"=>"[FILTERED]", "admin_user"=>{"email"=>"[FILTERED]", "password"=>"[FILTERED]", "remember_me"=>"0"}, "commit"=>"Login"}
  [1m[36mAdminUser Load (1.7ms)[0m  [1m[34mSELECT "admin_users".* FROM "admin_users" WHERE "admin_users"."email" = $1 ORDER BY "admin_users"."id" ASC LIMIT $2[0m  [["email", "[FILTERED]"], ["LIMIT", 1]]
Redirected to http://localhost:3000/admin
Completed 303 See Other in 267ms (ActiveRecord: 2.0ms (1 query, 0 cached) | GC: 0.5ms)


Started GET "/admin" for ::1 at 2024-09-12 14:38:51 -0600
Processing by Admin::DashboardController#index as HTML
  [1m[36mAdminUser Load (0.4ms)[0m  [1m[34mSELECT "admin_users".* FROM "admin_users" WHERE "admin_users"."id" = $1 ORDER BY "admin_users"."id" ASC LIMIT $2[0m  [["id", 1], ["LIMIT", 1]]
  Rendering /Users/heber/.rvm/gems/ruby-3.3.1/gems/activeadmin-3.2.5/app/views/active_admin/page/index.html.arb
  Rendered /Users/heber/.rvm/gems/ruby-3.3.1/gems/activeadmin-3.2.5/app/views/active_admin/page/index.html.arb (Duration: 7.2ms | GC: 0.4ms)
Completed 200 OK in 12ms (Views: 7.8ms | ActiveRecord: 0.4ms (1 query, 0 cached) | GC: 0.5ms)


